<?xml version="1.0" encoding="UTF-8"?>
<!-- Generated by org.testng.reporters.JUnitXMLReporter -->
<testsuite hostname="Tejaswis-MBP" ignored="0" name="All Test Suite" tests="15" failures="0" timestamp="2021-03-27T19:09:48 IST" time="246.155" errors="0">
  <testcase name="corporateWellnessTest" time="14.732" classname="TestCases.CorporateWellnessTest"/>
  <testcase name="verifyLogInWithInvalidCredentials" time="18.292" classname="TestCases.LogInTest"/>
  <testcase name="verifyLogInWithvalidCredentials" time="13.722" classname="TestCases.LogInTest"/>
  <testcase name="getHospitalsNmaes" time="39.994" classname="TestCases.SearchHospitalTest"/>
  <testcase name="topCitiesTest" time="19.943" classname="TestCases.DiagnosticTest"/>
  <testcase name="consultButtontest" time="12.354" classname="TestCases.TopMenuTest"/>
  <testcase name="diagnosticsButtontest" time="11.835" classname="TestCases.TopMenuTest"/>
  <testcase name="doctorsButtontest" time="11.413" classname="TestCases.TopMenuTest"/>
  <testcase name="homeButtontest" time="9.439" classname="TestCases.TopMenuTest"/>
  <testcase name="pharmacyButtontest" time="11.115" classname="TestCases.TopMenuTest"/>
  <testcase name="BookDiagnosticTest" time="19.418" classname="TestCases.LowerMenuTest"/>
  <testcase name="BookfullbodyCheckups" time="17.945" classname="TestCases.LowerMenuTest"/>
  <testcase name="searchforclinicTest" time="15.484" classname="TestCases.LowerMenuTest"/>
  <testcase name="searchfordoctorsTest" time="15.262" classname="TestCases.LowerMenuTest"/>
  <testcase name="searchforhospitalsTest" time="14.773" classname="TestCases.LowerMenuTest"/>
</testsuite> <!-- All Test Suite -->
